Arguments: 
  /usr/bin/node /usr/share/yarn/bin/yarn.js

PATH: 
  /home/carl/.npm-packages/bin:/home/carl/.local/bin:/usr/local/sbin:/usr/local/bin:/usr/sbin:/usr/bin:/sbin:/bin:/usr/games:/usr/local/games:/snap/bin:/home/carl/.go/bin

Yarn version: 
  1.17.3

Node version: 
  11.15.0

Platform: 
  linux x64

Trace: 
  Error: https://registry.yarnpkg.com/@daonuts%2fcommon: Not found
      at Request.params.callback [as _callback] (/usr/share/yarn/lib/cli.js:66830:18)
      at Request.self.callback (/usr/share/yarn/lib/cli.js:140464:22)
      at Request.emit (events.js:193:13)
      at Request.<anonymous> (/usr/share/yarn/lib/cli.js:141436:10)
      at Request.emit (events.js:193:13)
      at IncomingMessage.<anonymous> (/usr/share/yarn/lib/cli.js:141358:12)
      at Object.onceWrapper (events.js:281:20)
      at IncomingMessage.emit (events.js:198:15)
      at endReadableNT (_stream_readable.js:1139:12)
      at processTicksAndRejections (internal/process/task_queues.js:81:17)

npm manifest: 
  {
  	"name": "@daonuts/distribution",
  	"version": "0.0.1",
  	"description": "",
  	"dependencies": {
  		"@aragon/api": "^1.1.0",
  		"@aragon/api-react": "^1.0.0-beta.2",
  		"@aragon/os": "^4.3.0",
  		"@aragon/ui": "^0.40.1",
  		"@daonuts/common": "^0.0.0",
  		"@daonuts/token": "^0.0.1",
  		"@daonuts/token-manager": "^0.0.1",
  		"ipfs-http-client": "^32.0.1",
  		"multihashes": "^0.4.14",
  		"react": "^16.8.5",
  		"react-dom": "^16.8.5",
  		"rxjs": "^6.5.2",
  		"styled-components": "^4.2.0",
  		"ethers": "^4.0.36"
  	},
  	"devDependencies": {
  		"@aragon/apps-shared-migrations": "^1.0.0",
  		"@aragon/cli": "^5.9.4",
  		"@aragon/test-helpers": "^1.1.0",
  		"@babel/core": "^7.4.0",
  		"@babel/plugin-proposal-class-properties": "^7.4.0",
  		"@babel/polyfill": "^7.4.0",
  		"@babel/preset-env": "^7.4.2",
  		"babel-plugin-styled-components": "^1.10.0",
  		"homedir": "^0.6.0",
  		"parcel-bundler": "^1.12.3"
  	},
  	"scripts": {
  		"start": "npm run start:aragon:ipfs",
  		"start:aragon:ipfs": "aragon run",
  		"start:aragon:http": "aragon run --http localhost:8001 --http-served-from ./dist",
  		"start:app": "npm run sync-assets && npm run build:script -- --no-minify && parcel serve app/index.html -p 8001 --out-dir dist/ --no-cache",
  		"test": "aragon contracts test",
  		"compile": "aragon contracts compile",
  		"sync-assets": "copy-aragon-ui-assets -n aragon-ui ./dist",
  		"build:app": "parcel build app/index.html -d dist/ --public-url '.' --no-cache",
  		"build:script": "parcel build app/src/script.js -d dist/ --no-cache",
  		"build": "npm run sync-assets && npm run build:app && npm run build:script",
  		"build:gopkg": "solc @aragon=$(pwd)/../../node_modules/@aragon @daonuts=$(pwd)/.. --abi contracts/AirdropDuo.sol -o build --allow-paths=$APPS_PATH_ABS && abigen --abi=./build/AirdropDuo.abi --pkg=distribution --out=go/AirdropDuo.go && solc @aragon=$(pwd)/../../node_modules/@aragon @daonuts=$(pwd)/.. --bin contracts/AirdropDuo.sol -o build --allow-paths=$APPS_PATH_ABS && abigen --bin=./build/AirdropDuo.bin --abi=./build/AirdropDuo.abi --pkg=distribution --out=go/AirdropDuo.go",
  		"publish:patch": "aragon apm publish patch",
  		"publish:minor": "aragon apm publish minor",
  		"publish:major": "aragon apm publish major",
  		"versions": "aragon apm versions",
  		"clean": "rm -rf build && rm -rf dist",
  		"size": "node ./scripts/size.js"
  	},
  	"browserslist": [
      "last 2 Chrome versions"
    ]
  }

yarn manifest: 
  No manifest

Lockfile: 
  No lockfile
